  Deleting _xlwcppinterface.cpp
  Generating from interface  [cppinterface.h]  boilerplate source file  [ _xlwAutoGenerated\_xlwcppinterface.cpp]
  XLW InterfaceGenerator
  Copyright (c) XLW Project 2006-2020. All Rights Reserved
  file has been read in
  file has been tokenized
  file has been stripped
  file has been function modeled
  file has been function described
   .. writing _xlwAutoGenerated\_xlwcppinterface.cpp
  new file is a vector
  all done
  amopt.cpp
  barrier.cpp
  barriersmile.cpp
  ci.cpp
  euopt.cpp
  fxpricer.cpp
  interpolator.cpp
  lusolve.cpp
  mc.cpp
C:\Users\harve\source\repos\CLOptPricer\CLOptPricer\mc.cpp(29,20): warning C4018: '<': signed/unsigned mismatch
C:\Users\harve\source\repos\CLOptPricer\CLOptPricer\mc.cpp(42,19): warning C4018: '<': signed/unsigned mismatch
C:\Users\harve\source\repos\CLOptPricer\CLOptPricer\mc.cpp(80,21): warning C4244: 'argument': conversion from 'double' to 'const unsigned int', possible loss of data
C:\Users\harve\source\repos\CLOptPricer\CLOptPricer\mc.cpp(87,31): warning C4244: 'argument': conversion from 'double' to 'const unsigned int', possible loss of data
C:\Users\harve\source\repos\CLOptPricer\CLOptPricer\mc.cpp(93,42): warning C4244: 'argument': conversion from 'double' to 'const unsigned int', possible loss of data
C:\Users\harve\source\repos\CLOptPricer\CLOptPricer\mc.cpp(94,64): warning C4244: 'argument': conversion from 'double' to 'const unsigned int', possible loss of data
C:\Users\harve\source\repos\CLOptPricer\CLOptPricer\mc.cpp(95,57): warning C4244: 'argument': conversion from 'double' to 'const unsigned int', possible loss of data
C:\Users\harve\source\repos\CLOptPricer\CLOptPricer\mc.cpp(96,35): warning C4244: 'argument': conversion from 'double' to 'const unsigned int', possible loss of data
C:\Users\harve\source\repos\CLOptPricer\CLOptPricer\mc.cpp(97,57): warning C4244: 'argument': conversion from 'double' to 'const unsigned int', possible loss of data
C:\Users\harve\source\repos\CLOptPricer\CLOptPricer\mc.cpp(98,58): warning C4244: 'argument': conversion from 'double' to 'const unsigned int', possible loss of data
C:\Users\harve\source\repos\CLOptPricer\CLOptPricer\mc.cpp(101,22): warning C4244: 'argument': conversion from 'double' to 'const unsigned int', possible loss of data
C:\Users\harve\source\repos\CLOptPricer\CLOptPricer\mc.cpp(101,74): warning C4244: 'argument': conversion from 'double' to 'const unsigned int', possible loss of data
C:\Users\harve\source\repos\CLOptPricer\CLOptPricer\mc.cpp(101,99): warning C4244: 'argument': conversion from 'double' to 'const unsigned int', possible loss of data
C:\Users\harve\source\repos\CLOptPricer\CLOptPricer\mc.cpp(102,26): warning C4244: 'argument': conversion from 'double' to 'const unsigned int', possible loss of data
C:\Users\harve\source\repos\CLOptPricer\CLOptPricer\mc.cpp(102,80): warning C4244: 'argument': conversion from 'double' to 'const unsigned int', possible loss of data
C:\Users\harve\source\repos\CLOptPricer\CLOptPricer\mc.cpp(102,108): warning C4244: 'argument': conversion from 'double' to 'const unsigned int', possible loss of data
C:\Users\harve\source\repos\CLOptPricer\CLOptPricer\mc.cpp(108,27): warning C4244: 'argument': conversion from 'double' to 'const unsigned int', possible loss of data
C:\Users\harve\source\repos\CLOptPricer\CLOptPricer\mc.cpp(110,9): warning C4244: 'argument': conversion from 'double' to 'const unsigned int', possible loss of data
C:\Users\harve\source\repos\CLOptPricer\CLOptPricer\mc.cpp(152,22): warning C4018: '<': signed/unsigned mismatch
  mcpricer.cpp
  normdist.cpp
  pricer.cpp
  source.cpp
  spotbarrier.cpp
  spotpricer.cpp
  timeseries.cpp
  volmodel.cpp
  _xlwcppinterface.cpp
  Generating Code...
     Creating library C:\Users\harve\source\repos\CLOptPricer\Debug\CLOptPricer.lib and object C:\Users\harve\source\repos\CLOptPricer\Debug\CLOptPricer.exp
  CLOptPricer.vcxproj -> C:\Users\harve\source\repos\CLOptPricer\Debug\CLOptPricer.xll
