C:\dev\workspace\AgPricer\Debug\AgPricer.exp
C:\DEV\WORKSPACE\AGPRICER\DEBUG\AGPRICER.ILK
C:\dev\workspace\AgPricer\Debug\AgPricer.lib
C:\DEV\WORKSPACE\AGPRICER\DEBUG\AGPRICER.PDB
C:\DEV\WORKSPACE\AGPRICER\DEBUG\AGPRICER.XLL
C:\DEV\WORKSPACE\AGPRICER\DEBUG\OBJ\.NETFRAMEWORK,VERSION=V4.0.ASSEMBLYATTRIBUTES.OBJ
C:\DEV\WORKSPACE\AGPRICER\DEBUG\OBJ\AGPRICER.XLL.INTERMEDIATE.MANIFEST
C:\DEV\WORKSPACE\AGPRICER\DEBUG\OBJ\BARRIER.OBJ
C:\DEV\WORKSPACE\AGPRICER\DEBUG\OBJ\BARRIERSMILE.OBJ
C:\DEV\WORKSPACE\AGPRICER\DEBUG\OBJ\CI.OBJ
C:\dev\workspace\AgPricer\Debug\obj\cl.command.1.tlog
C:\dev\workspace\AgPricer\Debug\obj\CL.read.1.tlog
C:\dev\workspace\AgPricer\Debug\obj\CL.write.1.tlog
C:\DEV\WORKSPACE\AGPRICER\DEBUG\OBJ\EUOPT.OBJ
C:\DEV\WORKSPACE\AGPRICER\DEBUG\OBJ\FXPRICER.OBJ
C:\DEV\WORKSPACE\AGPRICER\DEBUG\OBJ\INTERPOLATOR.OBJ
C:\dev\workspace\AgPricer\Debug\obj\link.9592.read.1.tlog
C:\dev\workspace\AgPricer\Debug\obj\link.9592.write.1.tlog
C:\dev\workspace\AgPricer\Debug\obj\link.command.1.tlog
C:\dev\workspace\AgPricer\Debug\obj\link.read.1.tlog
C:\dev\workspace\AgPricer\Debug\obj\link.write.1.tlog
C:\DEV\WORKSPACE\AGPRICER\DEBUG\OBJ\LUSOLVE.OBJ
C:\dev\workspace\AgPricer\Debug\obj\metagen.read.1.tlog
C:\dev\workspace\AgPricer\Debug\obj\metagen.write.1.tlog
C:\dev\workspace\AgPricer\Debug\obj\mt.command.1.tlog
C:\dev\workspace\AgPricer\Debug\obj\mt.read.1.tlog
C:\dev\workspace\AgPricer\Debug\obj\mt.write.1.tlog
C:\DEV\WORKSPACE\AGPRICER\DEBUG\OBJ\MXLWCPPINTERFACE.OBJ
C:\DEV\WORKSPACE\AGPRICER\DEBUG\OBJ\NORMDIST.OBJ
C:\DEV\WORKSPACE\AGPRICER\DEBUG\OBJ\PRICER.OBJ
C:\dev\workspace\AgPricer\Debug\obj\RSAENH.DLL.bi
C:\DEV\WORKSPACE\AGPRICER\DEBUG\OBJ\SOURCE.OBJ
C:\DEV\WORKSPACE\AGPRICER\DEBUG\OBJ\SQLSERVERACCESS.OBJ
C:\DEV\WORKSPACE\AGPRICER\DEBUG\OBJ\TIMESERIES.OBJ
C:\dev\workspace\AgPricer\Debug\obj\TZRES.DLL.bi
C:\DEV\WORKSPACE\AGPRICER\DEBUG\OBJ\VC100.PDB
C:\DEV\WORKSPACE\AGPRICER\DEBUG\OBJ\VOLMODEL.OBJ
C:\dev\workspace\AgPricer\Debug\obj\XLL.write.1.tlog
C:\DEV\WORKSPACE\AGPRICER\DEBUG\OBJ\XLWCPPINTERFACE.OBJ
