C:\DEV\WORKSPACE\NEWAGPRICER\DLL\DLL\RELEASE\.NETFRAMEWORK,VERSION=V4.0.ASSEMBLYATTRIBUTES.OBJ
C:\DEV\WORKSPACE\NEWAGPRICER\DLL\DLL\RELEASE\BARRIER.OBJ
C:\DEV\WORKSPACE\NEWAGPRICER\DLL\DLL\RELEASE\BARRIERSMILE.OBJ
C:\DEV\WORKSPACE\NEWAGPRICER\DLL\DLL\RELEASE\CI.OBJ
C:\dev\workspace\NewAgPricer\DLL\DLL\Release\cl.command.1.tlog
C:\dev\workspace\NewAgPricer\DLL\DLL\Release\CL.read.1.tlog
C:\dev\workspace\NewAgPricer\DLL\DLL\Release\CL.write.1.tlog
C:\DEV\WORKSPACE\NEWAGPRICER\DLL\DLL\RELEASE\DLL.OBJ
C:\DEV\WORKSPACE\NEWAGPRICER\DLL\DLL\RELEASE\DLL.PCH
C:\dev\workspace\NewAgPricer\DLL\DLL\Release\DLL.write.1.tlog
C:\DEV\WORKSPACE\NEWAGPRICER\DLL\DLL\RELEASE\DLLMAIN.OBJ
C:\DEV\WORKSPACE\NEWAGPRICER\DLL\DLL\RELEASE\EUOPT.OBJ
C:\DEV\WORKSPACE\NEWAGPRICER\DLL\DLL\RELEASE\FXPRICER.OBJ
C:\DEV\WORKSPACE\NEWAGPRICER\DLL\DLL\RELEASE\INTERPOLATOR.OBJ
C:\dev\workspace\NewAgPricer\DLL\DLL\Release\link.command.1.tlog
C:\dev\workspace\NewAgPricer\DLL\DLL\Release\link.read.1.tlog
C:\dev\workspace\NewAgPricer\DLL\DLL\Release\link.write.1.tlog
C:\DEV\WORKSPACE\NEWAGPRICER\DLL\DLL\RELEASE\LUSOLVE.OBJ
C:\dev\workspace\NewAgPricer\DLL\DLL\Release\metagen.read.1.tlog
C:\dev\workspace\NewAgPricer\DLL\DLL\Release\metagen.write.1.tlog
C:\DEV\WORKSPACE\NEWAGPRICER\DLL\DLL\RELEASE\NORMDIST.OBJ
C:\DEV\WORKSPACE\NEWAGPRICER\DLL\DLL\RELEASE\PRICER.OBJ
C:\dev\workspace\NewAgPricer\DLL\DLL\Release\RSAENH.DLL.bi
C:\DEV\WORKSPACE\NEWAGPRICER\DLL\DLL\RELEASE\SQLSERVERACCESS.OBJ
C:\DEV\WORKSPACE\NEWAGPRICER\DLL\DLL\RELEASE\STDAFX.OBJ
C:\DEV\WORKSPACE\NEWAGPRICER\DLL\DLL\RELEASE\TIMESERIES.OBJ
C:\dev\workspace\NewAgPricer\DLL\DLL\Release\TZRES.DLL.bi
C:\DEV\WORKSPACE\NEWAGPRICER\DLL\DLL\RELEASE\VC100.PDB
C:\DEV\WORKSPACE\NEWAGPRICER\DLL\DLL\RELEASE\VOLMODEL.OBJ
