  barriersmile.cpp
  fxpricer.cpp
  pricer.cpp
  volmodel.cpp
  DLL.cpp
  Generating Code...
     Creating library C:\dev\workspace\NewAgPricer\Release\DLL.lib and object C:\dev\workspace\NewAgPricer\Release\DLL.exp
  Generating code
  Finished generating code
xlw-vc100-mt-5_0_0f0.lib(MJCellMatrix.obj) : warning LNK4099: PDB 'vc100.pdb' was not found with 'xlw-vc100-mt-5_0_0f0.lib(MJCellMatrix.obj)' or at 'C:\dev\workspace\NewAgPricer\Release\vc100.pdb'; linking object as if no debug info
xlw-vc100-mt-5_0_0f0.lib(NCmatrices.obj) : warning LNK4099: PDB 'vc100.pdb' was not found with 'xlw-vc100-mt-5_0_0f0.lib(NCmatrices.obj)' or at 'C:\dev\workspace\NewAgPricer\Release\vc100.pdb'; linking object as if no debug info
xlw-vc100-mt-5_0_0f0.lib(PascalStringConversions.obj) : warning LNK4099: PDB 'vc100.pdb' was not found with 'xlw-vc100-mt-5_0_0f0.lib(PascalStringConversions.obj)' or at 'C:\dev\workspace\NewAgPricer\Release\vc100.pdb'; linking object as if no debug info
xlw-vc100-mt-5_0_0f0.lib(PathUpdater.obj) : warning LNK4099: PDB 'vc100.pdb' was not found with 'xlw-vc100-mt-5_0_0f0.lib(PathUpdater.obj)' or at 'C:\dev\workspace\NewAgPricer\Release\vc100.pdb'; linking object as if no debug info
xlw-vc100-mt-5_0_0f0.lib(TempMemory.obj) : warning LNK4099: PDB 'vc100.pdb' was not found with 'xlw-vc100-mt-5_0_0f0.lib(TempMemory.obj)' or at 'C:\dev\workspace\NewAgPricer\Release\vc100.pdb'; linking object as if no debug info
xlw-vc100-mt-5_0_0f0.lib(Win32StreamBuf.obj) : warning LNK4099: PDB 'vc100.pdb' was not found with 'xlw-vc100-mt-5_0_0f0.lib(Win32StreamBuf.obj)' or at 'C:\dev\workspace\NewAgPricer\Release\vc100.pdb'; linking object as if no debug info
xlw-vc100-mt-5_0_0f0.lib(xlcall.obj) : warning LNK4099: PDB 'vc100.pdb' was not found with 'xlw-vc100-mt-5_0_0f0.lib(xlcall.obj)' or at 'C:\dev\workspace\NewAgPricer\Release\vc100.pdb'; linking object as if no debug info
xlw-vc100-mt-5_0_0f0.lib(XlfAbstractCmdDesc.obj) : warning LNK4099: PDB 'vc100.pdb' was not found with 'xlw-vc100-mt-5_0_0f0.lib(XlfAbstractCmdDesc.obj)' or at 'C:\dev\workspace\NewAgPricer\Release\vc100.pdb'; linking object as if no debug info
xlw-vc100-mt-5_0_0f0.lib(XlfArgDesc.obj) : warning LNK4099: PDB 'vc100.pdb' was not found with 'xlw-vc100-mt-5_0_0f0.lib(XlfArgDesc.obj)' or at 'C:\dev\workspace\NewAgPricer\Release\vc100.pdb'; linking object as if no debug info
xlw-vc100-mt-5_0_0f0.lib(XlfArgDescList.obj) : warning LNK4099: PDB 'vc100.pdb' was not found with 'xlw-vc100-mt-5_0_0f0.lib(XlfArgDescList.obj)' or at 'C:\dev\workspace\NewAgPricer\Release\vc100.pdb'; linking object as if no debug info
xlw-vc100-mt-5_0_0f0.lib(XlfCmdDesc.obj) : warning LNK4099: PDB 'vc100.pdb' was not found with 'xlw-vc100-mt-5_0_0f0.lib(XlfCmdDesc.obj)' or at 'C:\dev\workspace\NewAgPricer\Release\vc100.pdb'; linking object as if no debug info
xlw-vc100-mt-5_0_0f0.lib(XlfExcel.obj) : warning LNK4099: PDB 'vc100.pdb' was not found with 'xlw-vc100-mt-5_0_0f0.lib(XlfExcel.obj)' or at 'C:\dev\workspace\NewAgPricer\Release\vc100.pdb'; linking object as if no debug info
xlw-vc100-mt-5_0_0f0.lib(XlfFuncDesc.obj) : warning LNK4099: PDB 'vc100.pdb' was not found with 'xlw-vc100-mt-5_0_0f0.lib(XlfFuncDesc.obj)' or at 'C:\dev\workspace\NewAgPricer\Release\vc100.pdb'; linking object as if no debug info
xlw-vc100-mt-5_0_0f0.lib(XlfOperImpl.obj) : warning LNK4099: PDB 'vc100.pdb' was not found with 'xlw-vc100-mt-5_0_0f0.lib(XlfOperImpl.obj)' or at 'C:\dev\workspace\NewAgPricer\Release\vc100.pdb'; linking object as if no debug info
xlw-vc100-mt-5_0_0f0.lib(XlfOperProperties.obj) : warning LNK4099: PDB 'vc100.pdb' was not found with 'xlw-vc100-mt-5_0_0f0.lib(XlfOperProperties.obj)' or at 'C:\dev\workspace\NewAgPricer\Release\vc100.pdb'; linking object as if no debug info
xlw-vc100-mt-5_0_0f0.lib(XlfServices.obj) : warning LNK4099: PDB 'vc100.pdb' was not found with 'xlw-vc100-mt-5_0_0f0.lib(XlfServices.obj)' or at 'C:\dev\workspace\NewAgPricer\Release\vc100.pdb'; linking object as if no debug info
xlw-vc100-mt-5_0_0f0.lib(XlFunctionRegistration.obj) : warning LNK4099: PDB 'vc100.pdb' was not found with 'xlw-vc100-mt-5_0_0f0.lib(XlFunctionRegistration.obj)' or at 'C:\dev\workspace\NewAgPricer\Release\vc100.pdb'; linking object as if no debug info
xlw-vc100-mt-5_0_0f0.lib(XlOpenClose.obj) : warning LNK4099: PDB 'vc100.pdb' was not found with 'xlw-vc100-mt-5_0_0f0.lib(XlOpenClose.obj)' or at 'C:\dev\workspace\NewAgPricer\Release\vc100.pdb'; linking object as if no debug info
  DLL.vcxproj -> C:\dev\workspace\NewAgPricer\Release\DLL.dll
