C:\dev\workspace\AgPricer\Release\AgPricer.exp
C:\dev\workspace\AgPricer\Release\AgPricer.lib
C:\DEV\WORKSPACE\AGPRICER\RELEASE\AGPRICER.PDB
C:\DEV\WORKSPACE\AGPRICER\RELEASE\AGPRICER.XLL
C:\DEV\WORKSPACE\AGPRICER\RELEASE\OBJ\.NETFRAMEWORK,VERSION=V4.0.ASSEMBLYATTRIBUTES.OBJ
C:\DEV\WORKSPACE\AGPRICER\RELEASE\OBJ\AGPRICER.XLL.INTERMEDIATE.MANIFEST
C:\DEV\WORKSPACE\AGPRICER\RELEASE\OBJ\BARRIER.OBJ
C:\DEV\WORKSPACE\AGPRICER\RELEASE\OBJ\BARRIERSMILE.OBJ
C:\DEV\WORKSPACE\AGPRICER\RELEASE\OBJ\CI.OBJ
C:\dev\workspace\AgPricer\Release\obj\cl.command.1.tlog
C:\dev\workspace\AgPricer\Release\obj\CL.read.1.tlog
C:\dev\workspace\AgPricer\Release\obj\CL.write.1.tlog
C:\DEV\WORKSPACE\AGPRICER\RELEASE\OBJ\EUOPT.OBJ
C:\DEV\WORKSPACE\AGPRICER\RELEASE\OBJ\INTERPOLATOR.OBJ
C:\dev\workspace\AgPricer\Release\obj\link.command.1.tlog
C:\dev\workspace\AgPricer\Release\obj\link.read.1.tlog
C:\dev\workspace\AgPricer\Release\obj\link.write.1.tlog
C:\DEV\WORKSPACE\AGPRICER\RELEASE\OBJ\LUSOLVE.OBJ
C:\dev\workspace\AgPricer\Release\obj\metagen.read.1.tlog
C:\dev\workspace\AgPricer\Release\obj\metagen.write.1.tlog
C:\dev\workspace\AgPricer\Release\obj\mt.command.1.tlog
C:\dev\workspace\AgPricer\Release\obj\mt.read.1.tlog
C:\dev\workspace\AgPricer\Release\obj\mt.write.1.tlog
C:\DEV\WORKSPACE\AGPRICER\RELEASE\OBJ\MXLWCPPINTERFACE.OBJ
C:\DEV\WORKSPACE\AGPRICER\RELEASE\OBJ\NORMDIST.OBJ
C:\DEV\WORKSPACE\AGPRICER\RELEASE\OBJ\PRICER.OBJ
C:\dev\workspace\AgPricer\Release\obj\RSAENH.DLL.bi
C:\DEV\WORKSPACE\AGPRICER\RELEASE\OBJ\SOURCE.OBJ
C:\DEV\WORKSPACE\AGPRICER\RELEASE\OBJ\SQLSERVERACCESS.OBJ
C:\DEV\WORKSPACE\AGPRICER\RELEASE\OBJ\TIMESERIES.OBJ
C:\dev\workspace\AgPricer\Release\obj\TZRES.DLL.bi
C:\DEV\WORKSPACE\AGPRICER\RELEASE\OBJ\VC100.PDB
C:\DEV\WORKSPACE\AGPRICER\RELEASE\OBJ\VOLMODEL.OBJ
C:\dev\workspace\AgPricer\Release\obj\XLL.write.1.tlog
C:\DEV\WORKSPACE\AGPRICER\RELEASE\OBJ\XLWCPPINTERFACE.OBJ
