C:\DEV\WORKSPACE\NEWAGPRICER\RELEASE\OBJ\.NETFRAMEWORK,VERSION=V4.0.ASSEMBLYATTRIBUTES.OBJ
C:\DEV\WORKSPACE\NEWAGPRICER\RELEASE\OBJ\BARRIER.OBJ
C:\DEV\WORKSPACE\NEWAGPRICER\RELEASE\OBJ\BARRIERSMILE.OBJ
C:\DEV\WORKSPACE\NEWAGPRICER\RELEASE\OBJ\CI.OBJ
C:\dev\workspace\NewAgPricer\Release\obj\cl.command.1.tlog
C:\dev\workspace\NewAgPricer\Release\obj\CL.read.1.tlog
C:\dev\workspace\NewAgPricer\Release\obj\CL.write.1.tlog
C:\DEV\WORKSPACE\NEWAGPRICER\RELEASE\OBJ\EUOPT.OBJ
C:\DEV\WORKSPACE\NEWAGPRICER\RELEASE\OBJ\FXPRICER.OBJ
C:\DEV\WORKSPACE\NEWAGPRICER\RELEASE\OBJ\INTERPOLATOR.OBJ
C:\dev\workspace\NewAgPricer\Release\obj\link.command.1.tlog
C:\dev\workspace\NewAgPricer\Release\obj\link.read.1.tlog
C:\dev\workspace\NewAgPricer\Release\obj\link.write.1.tlog
C:\DEV\WORKSPACE\NEWAGPRICER\RELEASE\OBJ\LUSOLVE.OBJ
C:\dev\workspace\NewAgPricer\Release\obj\metagen.read.1.tlog
C:\dev\workspace\NewAgPricer\Release\obj\metagen.write.1.tlog
C:\DEV\WORKSPACE\NEWAGPRICER\RELEASE\OBJ\MXLWCPPINTERFACE.OBJ
C:\DEV\WORKSPACE\NEWAGPRICER\RELEASE\OBJ\NORMDIST.OBJ
C:\DEV\WORKSPACE\NEWAGPRICER\RELEASE\OBJ\PRICER.OBJ
C:\dev\workspace\NewAgPricer\Release\obj\RSAENH.DLL.bi
C:\DEV\WORKSPACE\NEWAGPRICER\RELEASE\OBJ\SOURCE.OBJ
C:\DEV\WORKSPACE\NEWAGPRICER\RELEASE\OBJ\SQLSERVERACCESS.OBJ
C:\DEV\WORKSPACE\NEWAGPRICER\RELEASE\OBJ\TIMESERIES.OBJ
C:\dev\workspace\NewAgPricer\Release\obj\TZRES.DLL.bi
C:\DEV\WORKSPACE\NEWAGPRICER\RELEASE\OBJ\VC100.PDB
C:\DEV\WORKSPACE\NEWAGPRICER\RELEASE\OBJ\VOLMODEL.OBJ
C:\dev\workspace\NewAgPricer\Release\obj\XLL.vcxprojResolveAssemblyReference.cache
C:\dev\workspace\NewAgPricer\Release\obj\XLL.write.1.tlog
C:\DEV\WORKSPACE\NEWAGPRICER\RELEASE\OBJ\XLWCPPINTERFACE.OBJ
