c:\users\harve\source\repos\cloptpricer\cloptpricer\x64\release\vc142.pdb
c:\users\harve\source\repos\cloptpricer\cloptpricer\x64\release\timeseries.obj
c:\users\harve\source\repos\cloptpricer\cloptpricer\x64\release\spotbarrier.obj
c:\users\harve\source\repos\cloptpricer\cloptpricer\x64\release\normdist.obj
c:\users\harve\source\repos\cloptpricer\cloptpricer\x64\release\lusolve.obj
c:\users\harve\source\repos\cloptpricer\cloptpricer\x64\release\interpolator.obj
c:\users\harve\source\repos\cloptpricer\cloptpricer\x64\release\euopt.obj
c:\users\harve\source\repos\cloptpricer\cloptpricer\x64\release\ci.obj
c:\users\harve\source\repos\cloptpricer\cloptpricer\x64\release\barrier.obj
c:\users\harve\source\repos\cloptpricer\cloptpricer\x64\release\amopt.obj
c:\dev\cloptpricer\cloptpricer\x64\release\amopt.obj
c:\dev\cloptpricer\cloptpricer\x64\release\barrier.obj
c:\dev\cloptpricer\cloptpricer\x64\release\ci.obj
c:\dev\cloptpricer\cloptpricer\x64\release\euopt.obj
c:\dev\cloptpricer\cloptpricer\x64\release\interpolator.obj
c:\dev\cloptpricer\cloptpricer\x64\release\lusolve.obj
c:\dev\cloptpricer\cloptpricer\x64\release\normdist.obj
c:\dev\cloptpricer\cloptpricer\x64\release\spotbarrier.obj
c:\dev\cloptpricer\cloptpricer\x64\release\timeseries.obj
c:\dev\cloptpricer\cloptpricer\x64\release\vc142.pdb
c:\dev\cloptpricer\cloptpricer\x64\release\cloptpricer.tlog\cl.command.1.tlog
c:\dev\cloptpricer\cloptpricer\x64\release\cloptpricer.tlog\cl.read.1.tlog
c:\dev\cloptpricer\cloptpricer\x64\release\cloptpricer.tlog\cl.write.1.tlog
