  
  Microsoft (R) Program Maintenance Utility Version 10.00.30319.01
  Copyright (C) Microsoft Corporation.  All rights reserved.
  
  
  Microsoft (R) Program Maintenance Utility Version 10.00.30319.01
  Copyright (C) Microsoft Corporation.  All rights reserved.
  
  	"C:\Program Files (x86)\XLW\xlw-5.0.0f0\xlw\build\vc10\Release\InterfaceGenerator.exe" -m source\cppinterface.h AutoGeneratedSource
  XLW InterfaceGenerator
  Copyright (c) XLW Project 2006-2011. All Rights Reserved
  manged file has been read in
  manged file has been tokenized
  manged file has been stripped
  managed_flag file has been function modeled
  managed_flag file has been function described
   .. writing AutoGeneratedSource/mxlwcppinterface.h
   .. writing AutoGeneratedSource/mxlwcppinterface.cpp
  file has been read in
  file has been tokenized
  file has been stripped
  file has been function modeled
  file has been function described
   .. writing AutoGeneratedSource/xlwcppinterface.cpp
  new file is a vector
  all done
  	ECHO flagged > Release\buildflag
