C:\Program Files (x86)\Microsoft Visual Studio\2019\Community\MSBuild\Microsoft\VC\v160\Microsoft.CppBuild.targets(491,5): warning MSB8028: The intermediate directory (x64\Release\) contains files shared from another project (dll.vcxproj).  This can lead to incorrect clean and rebuild behavior.
  pch.cpp
  amopt.cpp
C:\dev\CLOptPricer\CLOptPricer\math_utils.h(60,32): warning C4267: 'initializing': conversion from 'size_t' to 'int', possible loss of data
  barrier.cpp
  barriersmile.cpp
C:\dev\CLOptPricer\CLOptPricer\math_utils.h(60,32): warning C4267: 'initializing': conversion from 'size_t' to 'int', possible loss of data
C:\dev\CLOptPricer\CLOptPricer\barriersmile.cpp(5,34): warning C4267: 'initializing': conversion from 'size_t' to 'unsigned int', possible loss of data
  ci.cpp
C:\dev\CLOptPricer\CLOptPricer\math_utils.h(60,32): warning C4267: 'initializing': conversion from 'size_t' to 'int', possible loss of data
C:\dev\CLOptPricer\CLOptPricer\ci.cpp(7,21): warning C4267: 'initializing': conversion from 'size_t' to 'int', possible loss of data
C:\dev\CLOptPricer\CLOptPricer\ci.cpp(25,22): warning C4267: 'initializing': conversion from 'size_t' to 'int', possible loss of data
C:\dev\CLOptPricer\CLOptPricer\ci.cpp(50,22): warning C4267: 'initializing': conversion from 'size_t' to 'int', possible loss of data
  euopt.cpp
  fxpricer.cpp
C:\dev\CLOptPricer\CLOptPricer\math_utils.h(60,32): warning C4267: 'initializing': conversion from 'size_t' to 'int', possible loss of data
C:\dev\CLOptPricer\CLOptPricer\fxpricer.cpp(33,45): warning C4267: 'argument': conversion from 'size_t' to 'unsigned int', possible loss of data
C:\dev\CLOptPricer\CLOptPricer\fxpricer.cpp(37,46): warning C4267: 'argument': conversion from 'size_t' to 'unsigned int', possible loss of data
C:\dev\CLOptPricer\CLOptPricer\fxpricer.cpp(40,31): warning C4267: 'argument': conversion from 'size_t' to 'unsigned int', possible loss of data
C:\dev\CLOptPricer\CLOptPricer\fxpricer.cpp(52,42): warning C4267: 'argument': conversion from 'size_t' to 'unsigned int', possible loss of data
C:\dev\CLOptPricer\CLOptPricer\fxpricer.cpp(54,42): warning C4267: 'argument': conversion from 'size_t' to 'unsigned int', possible loss of data
C:\dev\CLOptPricer\CLOptPricer\fxpricer.cpp(56,28): warning C4267: 'argument': conversion from 'size_t' to 'unsigned int', possible loss of data
C:\dev\CLOptPricer\CLOptPricer\fxpricer.cpp(69,29): warning C4267: 'argument': conversion from 'size_t' to 'unsigned int', possible loss of data
C:\dev\CLOptPricer\CLOptPricer\fxpricer.cpp(71,30): warning C4267: 'argument': conversion from 'size_t' to 'unsigned int', possible loss of data
C:\dev\CLOptPricer\CLOptPricer\fxpricer.cpp(75,38): warning C4267: 'argument': conversion from 'size_t' to 'unsigned int', possible loss of data
C:\dev\CLOptPricer\CLOptPricer\fxpricer.cpp(78,33): warning C4267: 'argument': conversion from 'size_t' to 'unsigned int', possible loss of data
C:\dev\CLOptPricer\CLOptPricer\fxpricer.cpp(90,29): warning C4267: 'argument': conversion from 'size_t' to 'unsigned int', possible loss of data
C:\dev\CLOptPricer\CLOptPricer\fxpricer.cpp(91,33): warning C4267: 'argument': conversion from 'size_t' to 'unsigned int', possible loss of data
C:\dev\CLOptPricer\CLOptPricer\fxpricer.cpp(93,33): warning C4267: 'argument': conversion from 'size_t' to 'unsigned int', possible loss of data
C:\dev\CLOptPricer\CLOptPricer\fxpricer.cpp(96,25): warning C4267: 'argument': conversion from 'size_t' to 'unsigned int', possible loss of data
  interpolator.cpp
C:\dev\CLOptPricer\CLOptPricer\math_utils.h(60,32): warning C4267: 'initializing': conversion from 'size_t' to 'int', possible loss of data
  lusolve.cpp
C:\dev\CLOptPricer\CLOptPricer\math_utils.h(60,32): warning C4267: 'initializing': conversion from 'size_t' to 'int', possible loss of data
C:\dev\CLOptPricer\CLOptPricer\lusolve.cpp(122,5): warning C4267: 'initializing': conversion from 'size_t' to 'int', possible loss of data
  mc.cpp
C:\dev\CLOptPricer\CLOptPricer\math_utils.h(60,32): warning C4267: 'initializing': conversion from 'size_t' to 'int', possible loss of data
C:\dev\CLOptPricer\CLOptPricer\mc.cpp(9,24): warning C4267: '=': conversion from 'size_t' to 'int', possible loss of data
C:\dev\CLOptPricer\CLOptPricer\mc.cpp(18,24): warning C4267: '=': conversion from 'size_t' to 'int', possible loss of data
C:\dev\CLOptPricer\CLOptPricer\mc.cpp(80,21): warning C4244: 'argument': conversion from 'double' to 'const unsigned __int64', possible loss of data
C:\dev\CLOptPricer\CLOptPricer\mc.cpp(87,31): warning C4244: 'argument': conversion from 'double' to 'const unsigned __int64', possible loss of data
C:\dev\CLOptPricer\CLOptPricer\mc.cpp(93,42): warning C4244: 'argument': conversion from 'double' to 'const unsigned __int64', possible loss of data
C:\dev\CLOptPricer\CLOptPricer\mc.cpp(94,64): warning C4244: 'argument': conversion from 'double' to 'const unsigned __int64', possible loss of data
C:\dev\CLOptPricer\CLOptPricer\mc.cpp(95,57): warning C4244: 'argument': conversion from 'double' to 'const unsigned __int64', possible loss of data
C:\dev\CLOptPricer\CLOptPricer\mc.cpp(96,35): warning C4244: 'argument': conversion from 'double' to 'const unsigned __int64', possible loss of data
C:\dev\CLOptPricer\CLOptPricer\mc.cpp(97,57): warning C4244: 'argument': conversion from 'double' to 'const unsigned __int64', possible loss of data
C:\dev\CLOptPricer\CLOptPricer\mc.cpp(98,58): warning C4244: 'argument': conversion from 'double' to 'const unsigned __int64', possible loss of data
C:\dev\CLOptPricer\CLOptPricer\mc.cpp(101,22): warning C4244: 'argument': conversion from 'double' to 'const unsigned __int64', possible loss of data
C:\dev\CLOptPricer\CLOptPricer\mc.cpp(101,74): warning C4244: 'argument': conversion from 'double' to 'const unsigned __int64', possible loss of data
C:\dev\CLOptPricer\CLOptPricer\mc.cpp(101,99): warning C4244: 'argument': conversion from 'double' to 'const unsigned __int64', possible loss of data
C:\dev\CLOptPricer\CLOptPricer\mc.cpp(102,26): warning C4244: 'argument': conversion from 'double' to 'const unsigned __int64', possible loss of data
C:\dev\CLOptPricer\CLOptPricer\mc.cpp(102,80): warning C4244: 'argument': conversion from 'double' to 'const unsigned __int64', possible loss of data
C:\dev\CLOptPricer\CLOptPricer\mc.cpp(102,108): warning C4244: 'argument': conversion from 'double' to 'const unsigned __int64', possible loss of data
C:\dev\CLOptPricer\CLOptPricer\mc.cpp(108,27): warning C4244: 'argument': conversion from 'double' to 'const unsigned __int64', possible loss of data
C:\dev\CLOptPricer\CLOptPricer\mc.cpp(110,9): warning C4244: 'argument': conversion from 'double' to 'const unsigned __int64', possible loss of data
  mcpricer.cpp
C:\dev\CLOptPricer\CLOptPricer\math_utils.h(60,32): warning C4267: 'initializing': conversion from 'size_t' to 'int', possible loss of data
  normdist.cpp
  pricer.cpp
C:\dev\CLOptPricer\CLOptPricer\math_utils.h(60,32): warning C4267: 'initializing': conversion from 'size_t' to 'int', possible loss of data
  spotbarrier.cpp
  spotpricer.cpp
C:\dev\CLOptPricer\CLOptPricer\math_utils.h(60,32): warning C4267: 'initializing': conversion from 'size_t' to 'int', possible loss of data
  timeseries.cpp
C:\dev\CLOptPricer\CLOptPricer\math_utils.h(60,32): warning C4267: 'initializing': conversion from 'size_t' to 'int', possible loss of data
C:\dev\CLOptPricer\CLOptPricer\timeseries.cpp(82,32): warning C4267: 'initializing': conversion from 'size_t' to 'int', possible loss of data
  volmodel.cpp
C:\dev\CLOptPricer\CLOptPricer\math_utils.h(60,32): warning C4267: 'initializing': conversion from 'size_t' to 'int', possible loss of data
C:\dev\CLOptPricer\CLOptPricer\volmodel.cpp(82,74): warning C4267: 'initializing': conversion from 'size_t' to 'unsigned int', possible loss of data
  cloptpricer.cpp
C:\dev\CLOptPricer\CLOptPricer\math_utils.h(60,32): warning C4267: 'initializing': conversion from 'size_t' to 'int', possible loss of data
  dllmain.cpp
     Creating library C:\dev\CLOptPricer\x64\Release\OptPricerDll.lib and object C:\dev\CLOptPricer\x64\Release\OptPricerDll.exp
  Generating code
  Previous IPDB not found, fall back to full compilation.
  All 651 functions were compiled because no usable IPDB/IOBJ from previous compilation was found.
  Finished generating code
  dll.vcxproj -> C:\dev\CLOptPricer\x64\Release\OptPricerDll.dll
