c:\users\harve\source\repos\cloptpricer\dll\x64\release\optpricerdll.pch
c:\users\harve\source\repos\cloptpricer\dll\x64\release\vc142.pdb
c:\users\harve\source\repos\cloptpricer\dll\x64\release\pch.obj
c:\users\harve\source\repos\cloptpricer\dll\x64\release\dllmain.obj
c:\users\harve\source\repos\cloptpricer\dll\x64\release\cloptpricer.obj
c:\users\harve\source\repos\cloptpricer\dll\x64\release\volmodel.obj
c:\users\harve\source\repos\cloptpricer\dll\x64\release\timeseries.obj
c:\users\harve\source\repos\cloptpricer\dll\x64\release\spotpricer.obj
c:\users\harve\source\repos\cloptpricer\dll\x64\release\spotbarrier.obj
c:\users\harve\source\repos\cloptpricer\dll\x64\release\pricer.obj
c:\users\harve\source\repos\cloptpricer\dll\x64\release\normdist.obj
c:\users\harve\source\repos\cloptpricer\dll\x64\release\mcpricer.obj
c:\users\harve\source\repos\cloptpricer\dll\x64\release\mc.obj
c:\users\harve\source\repos\cloptpricer\dll\x64\release\lusolve.obj
c:\users\harve\source\repos\cloptpricer\dll\x64\release\interpolator.obj
c:\users\harve\source\repos\cloptpricer\dll\x64\release\fxpricer.obj
c:\users\harve\source\repos\cloptpricer\dll\x64\release\euopt.obj
c:\users\harve\source\repos\cloptpricer\dll\x64\release\ci.obj
c:\users\harve\source\repos\cloptpricer\dll\x64\release\barriersmile.obj
c:\users\harve\source\repos\cloptpricer\dll\x64\release\barrier.obj
c:\users\harve\source\repos\cloptpricer\dll\x64\release\amopt.obj
c:\users\harve\source\repos\cloptpricer\x64\release\optpricerdll.dll
c:\users\harve\source\repos\cloptpricer\x64\release\optpricerdll.pdb
c:\users\harve\source\repos\cloptpricer\x64\release\optpricerdll.lib
c:\users\harve\source\repos\cloptpricer\x64\release\optpricerdll.exp
c:\users\harve\source\repos\cloptpricer\x64\release\optpricerdll.ipdb
c:\users\harve\source\repos\cloptpricer\x64\release\optpricerdll.iobj
c:\dev\cloptpricer\dll\x64\release\amopt.obj
c:\dev\cloptpricer\dll\x64\release\barrier.obj
c:\dev\cloptpricer\dll\x64\release\barriersmile.obj
c:\dev\cloptpricer\dll\x64\release\ci.obj
c:\dev\cloptpricer\dll\x64\release\cloptpricer.obj
c:\dev\cloptpricer\dll\x64\release\dllmain.obj
c:\dev\cloptpricer\dll\x64\release\euopt.obj
c:\dev\cloptpricer\dll\x64\release\fxpricer.obj
c:\dev\cloptpricer\dll\x64\release\interpolator.obj
c:\dev\cloptpricer\dll\x64\release\lusolve.obj
c:\dev\cloptpricer\dll\x64\release\mc.obj
c:\dev\cloptpricer\dll\x64\release\mcpricer.obj
c:\dev\cloptpricer\dll\x64\release\normdist.obj
c:\dev\cloptpricer\dll\x64\release\pch.obj
c:\dev\cloptpricer\dll\x64\release\pricer.obj
c:\dev\cloptpricer\dll\x64\release\spotbarrier.obj
c:\dev\cloptpricer\dll\x64\release\spotpricer.obj
c:\dev\cloptpricer\dll\x64\release\timeseries.obj
c:\dev\cloptpricer\dll\x64\release\volmodel.obj
c:\dev\cloptpricer\dll\x64\release\optpricerdll.pch
c:\dev\cloptpricer\dll\x64\release\vc142.pdb
c:\dev\cloptpricer\dll\x64\release\optpricerdll.tlog\cl.command.1.tlog
c:\dev\cloptpricer\dll\x64\release\optpricerdll.tlog\cl.read.1.tlog
c:\dev\cloptpricer\dll\x64\release\optpricerdll.tlog\cl.write.1.tlog
c:\dev\cloptpricer\dll\x64\release\optpricerdll.tlog\link.command.1.tlog
c:\dev\cloptpricer\dll\x64\release\optpricerdll.tlog\link.read.1.tlog
c:\dev\cloptpricer\dll\x64\release\optpricerdll.tlog\link.write.1.tlog
c:\dev\cloptpricer\dll\x64\release\optpricerdll.tlog\optpricerdll.write.1u.tlog
